[    0.000000] Initializing cgroup subsys cpuset
[    0.000000] Initializing cgroup subsys cpu
[    0.000000] Initializing cgroup subsys cpuacct
[    0.000000] Linux version 4.4.0-210-generic (buildd@lgw01-amd64-009) (gcc version 5.4.0 20160609 (Ubuntu 5.4.0-6ubuntu1~16.04.12) ) #242-Ubuntu SMP Fri Apr 16 09:57:56 UTC 2021 (Ubuntu 4.4.0-210.242-generic 4.4.262)
[    0.000000] Command line: BOOT_IMAGE=/boot/vmlinuz-4.4.0-210-generic root=LABEL=cloudimg-rootfs ro console=tty1 console=ttyS0
[    0.000000] KERNEL supported cpus:
[    0.000000]   Intel GenuineIntel
[    0.000000]   AMD AuthenticAMD
[    0.000000]   Centaur CentaurHauls
[    0.000000] x86/fpu: Legacy x87 FPU detected.
[    0.000000] e820: BIOS-provided physical RAM map:
[    0.000000] BIOS-e820: [mem 0x0000000000000000-0x000000000009fbff] usable
[    0.000000] BIOS-e820: [mem 0x000000000009fc00-0x000000000009ffff] reserved
[    0.000000] BIOS-e820: [mem 0x00000000000f0000-0x00000000000fffff] reserved
[    0.000000] BIOS-e820: [mem 0x0000000000100000-0x000000003ffeffff] usable
[    0.000000] BIOS-e820: [mem 0x000000003fff0000-0x000000003fffffff] ACPI data
[    0.000000] BIOS-e820: [mem 0x00000000fec00000-0x00000000fec00fff] reserved
[    0.000000] BIOS-e820: [mem 0x00000000fee00000-0x00000000fee00fff] reserved
[    0.000000] BIOS-e820: [mem 0x00000000fffc0000-0x00000000ffffffff] reserved
[    0.000000] NX (Execute Disable) protection: active
[    0.000000] SMBIOS 2.5 present.
[    0.000000] Hypervisor detected: KVM
[    0.000000] Kernel/User page tables isolation: disabled
[    0.000000] e820: last_pfn = 0x3fff0 max_arch_pfn = 0x400000000
[    0.000000] MTRR: Disabled
[    0.000000] x86/PAT: MTRRs disabled, skipping PAT initialization too.
[    0.000000] CPU MTRRs all blank - virtualized system.
[    0.000000] x86/PAT: Configuration [0-7]: WB  WT  UC- UC  WB  WT  UC- UC  
[    0.000000] found SMP MP-table at [mem 0x0009fff0-0x0009ffff] mapped at [ffff88000009fff0]
[    0.000000] Scanning 1 areas for low memory corruption
[    0.000000] RAMDISK: [mem 0x362dc000-0x37165fff]
[    0.000000] ACPI: Early table checksum verification disabled
[    0.000000] ACPI: RSDP 0x00000000000E0000 000024 (v02 VBOX  )
[    0.000000] ACPI: XSDT 0x000000003FFF0030 00003C (v01 VBOX   VBOXXSDT 00000001 ASL  00000061)
[    0.000000] ACPI: FACP 0x000000003FFF00F0 0000F4 (v04 VBOX   VBOXFACP 00000001 ASL  00000061)
[    0.000000] ACPI: DSDT 0x000000003FFF0470 002325 (v02 VBOX   VBOXBIOS 00000002 INTL 20100528)
[    0.000000] ACPI: FACS 0x000000003FFF0200 000040
[    0.000000] ACPI: FACS 0x000000003FFF0200 000040
[    0.000000] ACPI: APIC 0x000000003FFF0240 00005C (v02 VBOX   VBOXAPIC 00000001 ASL  00000061)
[    0.000000] ACPI: SSDT 0x000000003FFF02A0 0001CC (v01 VBOX   VBOXCPUT 00000002 INTL 20100528)
[    0.000000] No NUMA configuration found
[    0.000000] Faking a node at [mem 0x0000000000000000-0x000000003ffeffff]
[    0.000000] NODE_DATA(0) allocated [mem 0x3ffeb000-0x3ffeffff]
[    0.000000] kvm-clock: Using msrs 4b564d01 and 4b564d00
[    0.000000] kvm-clock: cpu 0, msr 0:3ffe3001, primary cpu clock
[    0.000000] kvm-clock: using sched offset of 4020574814 cycles
[    0.000000] clocksource: kvm-clock: mask: 0xffffffffffffffff max_cycles: 0x1cd42e4dffb, max_idle_ns: 881590591483 ns
[    0.000000] Zone ranges:
[    0.000000]   DMA      [mem 0x0000000000001000-0x0000000000ffffff]
[    0.000000]   DMA32    [mem 0x0000000001000000-0x000000003ffeffff]
[    0.000000]   Normal   empty
[    0.000000]   Device   empty
[    0.000000] Movable zone start for each node
[    0.000000] Early memory node ranges
[    0.000000]   node   0: [mem 0x0000000000001000-0x000000000009efff]
[    0.000000]   node   0: [mem 0x0000000000100000-0x000000003ffeffff]
[    0.000000] Initmem setup node 0 [mem 0x0000000000001000-0x000000003ffeffff]
[    0.000000] ACPI: PM-Timer IO Port: 0x4008
[    0.000000] IOAPIC[0]: apic_id 2, version 32, address 0xfec00000, GSI 0-23
[    0.000000] ACPI: INT_SRC_OVR (bus 0 bus_irq 0 global_irq 2 dfl dfl)
[    0.000000] ACPI: INT_SRC_OVR (bus 0 bus_irq 9 global_irq 9 low level)
[    0.000000] Using ACPI (MADT) for SMP configuration information
[    0.000000] smpboot: Allowing 2 CPUs, 0 hotplug CPUs
[    0.000000] PM: Registered nosave memory: [mem 0x00000000-0x00000fff]
[    0.000000] PM: Registered nosave memory: [mem 0x0009f000-0x0009ffff]
[    0.000000] PM: Registered nosave memory: [mem 0x000a0000-0x000effff]
[    0.000000] PM: Registered nosave memory: [mem 0x000f0000-0x000fffff]
[    0.000000] e820: [mem 0x40000000-0xfebfffff] available for PCI devices
[    0.000000] Booting paravirtualized kernel on KVM
[    0.000000] clocksource: refined-jiffies: mask: 0xffffffff max_cycles: 0xffffffff, max_idle_ns: 7645519600211568 ns
[    0.000000] setup_percpu: NR_CPUS:512 nr_cpumask_bits:512 nr_cpu_ids:2 nr_node_ids:1
[    0.000000] PERCPU: Embedded 33 pages/cpu @ffff88003fc00000 s95192 r8192 d31784 u1048576
[    0.000000] Built 1 zonelists in Node order, mobility grouping on.  Total pages: 257912
[    0.000000] Policy zone: DMA32
[    0.000000] Kernel command line: BOOT_IMAGE=/boot/vmlinuz-4.4.0-210-generic root=LABEL=cloudimg-rootfs ro console=tty1 console=ttyS0
[    0.000000] PID hash table entries: 4096 (order: 3, 32768 bytes)
[    0.000000] Memory: 997792K/1048120K available (8644K kernel code, 1332K rwdata, 4044K rodata, 1492K init, 1164K bss, 50328K reserved, 0K cma-reserved)
[    0.000000] SLUB: HWalign=64, Order=0-3, MinObjects=0, CPUs=2, Nodes=1
[    0.000000] Hierarchical RCU implementation.
[    0.000000] 	Build-time adjustment of leaf fanout to 64.
[    0.000000] 	RCU restricting CPUs from NR_CPUS=512 to nr_cpu_ids=2.
[    0.000000] RCU: Adjusting geometry for rcu_fanout_leaf=64, nr_cpu_ids=2
[    0.000000] NR_IRQS:33024 nr_irqs:440 16
[    0.000000] Console: colour VGA+ 80x25
[    0.000000] console [tty1] enabled
[    0.000000] console [ttyS0] enabled
[    0.000000] tsc: Detected 1382.398 MHz processor
[    0.544896] Calibrating delay loop (skipped) preset value.. 2764.79 BogoMIPS (lpj=5529592)
[    0.553394] pid_max: default: 32768 minimum: 301
[    0.557442] ACPI: Core revision 20150930
[    0.561909] ACPI: 2 ACPI AML tables successfully acquired and loaded
[    0.568032] Security Framework initialized
[    0.571539] Yama: becoming mindful.
[    0.574644] AppArmor: AppArmor initialized
[    0.578466] Dentry cache hash table entries: 131072 (order: 8, 1048576 bytes)
[    0.588541] Inode-cache hash table entries: 65536 (order: 7, 524288 bytes)
[    0.597896] Mount-cache hash table entries: 2048 (order: 2, 16384 bytes)
[    0.606413] Mountpoint-cache hash table entries: 2048 (order: 2, 16384 bytes)
[    0.616453] Initializing cgroup subsys io
[    0.620966] Initializing cgroup subsys memory
[    0.627453] Initializing cgroup subsys devices
[    0.632905] Initializing cgroup subsys freezer
[    0.638553] Initializing cgroup subsys net_cls
[    0.643380] Initializing cgroup subsys perf_event
[    0.648775] Initializing cgroup subsys net_prio
[    0.652941] Initializing cgroup subsys hugetlb
[    0.656947] Initializing cgroup subsys pids
[    0.663349] mce: CPU supports 0 MCE banks
[    0.669732] Last level iTLB entries: 4KB 0, 2MB 0, 4MB 0
[    0.677247] Last level dTLB entries: 4KB 0, 2MB 0, 4MB 0, 1GB 0
[    0.683877] Spectre V1 : Mitigation: usercopy/swapgs barriers and __user pointer sanitization
[    0.694143] Spectre V2 : Mitigation: Enhanced IBRS
[    0.698734] Spectre V2 : Spectre v2 / SpectreRSB mitigation: Filling RSB on context switch
[    0.707722] Speculative Store Bypass: Vulnerable
[    0.749382] Freeing SMP alternatives memory: 36K
[    0.829082] ftrace: allocating 32380 entries in 127 pages
[    1.414411] smpboot: APIC(0) Converting physical 0 to logical package 0
[    1.424960] smpboot: Max logical packages: 1
[    1.443846] ..TIMER: vector=0x30 apic1=0 pin1=2 apic2=-1 pin2=-1
[    1.558864] APIC calibration not consistent with PM-Timer: 104ms instead of 100ms
[    1.566022] APIC delta adjusted to PM-Timer: 6321265 (6614836)
[    1.571704] smpboot: CPU0: 11th Gen Intel(R) Core(TM) i5-1135G7 @ 2.40GHz (family: 0x6, model: 0x8c, stepping: 0x1)
[    1.582586] Performance Events: unsupported p6 CPU model 140 no PMU driver, software events only.
[    1.681174] KVM setup paravirtual spinlock
[    1.687028] x86: Booting SMP configuration:
[    1.692856] .... node  #0, CPUs:      #1
[    1.699364] kvm-clock: cpu 1, msr 0:3ffe3041, secondary cpu clock
[    1.704841] mce: CPU supports 0 MCE banks
[    1.708918] TSC synchronization [CPU#0 -> CPU#1]:
[    1.714131] Measured 30287 cycles TSC warp between CPUs, turning off TSC clock.
[    1.721072] tsc: Marking TSC unstable due to check_tsc_sync_source failed
[    1.731549] x86: Booted up 1 node, 2 CPUs
[    1.735079] smpboot: Total of 2 processors activated (5529.59 BogoMIPS)
[    0.240010] devtmpfs: initialized
[    0.244000] evm: security.selinux
[    0.244000] evm: security.SMACK64
[    0.244000] evm: security.SMACK64EXEC
[    0.244000] evm: security.SMACK64TRANSMUTE
[    0.244000] evm: security.SMACK64MMAP
[    0.244000] evm: security.ima
[    0.244000] evm: security.capability
[    0.248365] clocksource: jiffies: mask: 0xffffffff max_cycles: 0xffffffff, max_idle_ns: 7645041785100000 ns
[    0.252000] futex hash table entries: 512 (order: 3, 32768 bytes)
[    0.252163] pinctrl core: initialized pinctrl subsystem
[    0.256000] RTC time: 20:40:49, date: 02/21/23
[    0.256000] NET: Registered protocol family 16
[    0.264028] cpuidle: using governor ladder
[    0.276012] cpuidle: using governor menu
[    0.280000] PCCT header not found.
[    0.280000] ACPI: bus type PCI registered
[    0.280000] acpiphp: ACPI Hot Plug PCI Controller Driver version: 0.5
[    0.280000] PCI: Using configuration type 1 for base access
[    0.292602] ACPI: Added _OSI(Module Device)
[    0.296000] ACPI: Added _OSI(Processor Device)
[    0.296000] ACPI: Added _OSI(3.0 _SCP Extensions)
[    0.296000] ACPI: Added _OSI(Processor Aggregator Device)
[    0.297090] ACPI: Executed 1 blocks of module-level executable AML code
[    0.301870] ACPI: Interpreter enabled
[    0.304000] ACPI: (supports S0 S5)
[    0.304000] ACPI: Using IOAPIC for interrupt routing
[    0.304278] PCI: Using host bridge windows from ACPI; if necessary, use "pci=nocrs" and report a bug
[    0.317105] ACPI: PCI Root Bridge [PCI0] (domain 0000 [bus 00-ff])
[    0.320000] acpi PNP0A03:00: _OSC: OS supports [ASPM ClockPM Segments MSI]
[    0.320534] acpi PNP0A03:00: _OSC: not requesting OS control; OS requires [ExtendedConfig ASPM ClockPM MSI]
[    0.324000] acpi PNP0A03:00: fail to add MMCONFIG information, can't access extended PCI configuration space under this bridge.
[    0.324672] PCI host bridge to bus 0000:00
[    0.328000] pci_bus 0000:00: root bus resource [io  0x0000-0x0cf7 window]
[    0.328000] pci_bus 0000:00: root bus resource [io  0x0d00-0xffff window]
[    0.328000] pci_bus 0000:00: root bus resource [mem 0x000a0000-0x000bffff window]
[    0.328000] pci_bus 0000:00: root bus resource [mem 0x40000000-0xfdffffff window]
[    0.328000] pci_bus 0000:00: root bus resource [bus 00-ff]
[    0.334501] pci 0000:00:01.1: legacy IDE quirk: reg 0x10: [io  0x01f0-0x01f7]
[    0.336000] pci 0000:00:01.1: legacy IDE quirk: reg 0x14: [io  0x03f6]
[    0.336000] pci 0000:00:01.1: legacy IDE quirk: reg 0x18: [io  0x0170-0x0177]
[    0.336000] pci 0000:00:01.1: legacy IDE quirk: reg 0x1c: [io  0x0376]
[    0.358675] pci 0000:00:07.0: quirk: [io  0x4000-0x403f] claimed by PIIX4 ACPI
[    0.360000] pci 0000:00:07.0: quirk: [io  0x4100-0x410f] claimed by PIIX4 SMB
[    0.370327] ACPI: PCI Interrupt Link [LNKA] (IRQs 5 9 10 *11)
[    0.372466] ACPI: PCI Interrupt Link [LNKB] (IRQs 5 9 *10 11)
[    0.376000] ACPI: PCI Interrupt Link [LNKC] (IRQs 5 *9 10 11)
[    0.376000] ACPI: PCI Interrupt Link [LNKD] (IRQs 5 9 10 *11)
[    0.376000] ACPI: Enabled 2 GPEs in block 00 to 07
[    0.376269] vgaarb: setting as boot device: PCI:0000:00:02.0
[    0.380000] vgaarb: device added: PCI:0000:00:02.0,decodes=io+mem,owns=io+mem,locks=none
[    0.380000] vgaarb: loaded
[    0.380000] vgaarb: bridge control possible 0000:00:02.0
[    0.380000] SCSI subsystem initialized
[    0.380324] ACPI: bus type USB registered
[    0.384000] usbcore: registered new interface driver usbfs
[    0.384000] usbcore: registered new interface driver hub
[    0.384000] usbcore: registered new device driver usb
[    0.388350] PCI: Using ACPI for IRQ routing
[    0.392000] NetLabel: Initializing
[    0.392000] NetLabel:  domain hash size = 128
[    0.392000] NetLabel:  protocols = UNLABELED CIPSOv4
[    0.392000] NetLabel:  unlabeled traffic allowed by default
[    0.392237] amd_nb: Cannot enumerate AMD northbridges
[    0.396000] clocksource: Switched to clocksource kvm-clock
[    0.396000] AppArmor: AppArmor Filesystem Enabled
[    0.396000] pnp: PnP ACPI init
[    0.434941] pnp: PnP ACPI: found 3 devices
[    0.483845] clocksource: acpi_pm: mask: 0xffffff max_cycles: 0xffffff, max_idle_ns: 2085701024 ns
[    0.484615] NET: Registered protocol family 2
[    0.498700] TCP established hash table entries: 8192 (order: 4, 65536 bytes)
[    0.498700] TCP bind hash table entries: 8192 (order: 5, 131072 bytes)
[    0.498700] TCP: Hash tables configured (established 8192 bind 8192)
[    0.498700] UDP hash table entries: 512 (order: 2, 16384 bytes)
[    0.498700] UDP-Lite hash table entries: 512 (order: 2, 16384 bytes)
[    0.498700] NET: Registered protocol family 1
[    0.498700] pci 0000:00:00.0: Limiting direct PCI/PCI transfers
[    0.498700] pci 0000:00:01.0: Activating ISA DMA hang workarounds
[    0.498700] Unpacking initramfs...
[    0.498700] Freeing initrd memory: 14888K
[    0.498700] clocksource: tsc: mask: 0xffffffffffffffff max_cycles: 0x13ed2c5da23, max_idle_ns: 440795241832 ns
[    0.498700] platform rtc_cmos: registered platform RTC device (no PNP device found)
[    0.498700] Scanning for low memory corruption every 60 seconds
[    0.954788] audit: initializing netlink subsys (disabled)
[    0.958655] audit: type=2000 audit(1677012054.361:1): initialized
[    0.958655] Initialise system trusted keyring
[    0.972525] HugeTLB registered 2 MB page size, pre-allocated 0 pages
[    0.976295] zbud: loaded
[    0.985501] VFS: Disk quotas dquot_6.6.0
[    0.989030] VFS: Dquot-cache hash table entries: 512 (order 0, 4096 bytes)
[    0.989168] squashfs: version 4.0 (2009/01/31) Phillip Lougher
[    1.004873] fuse init (API version 7.23)
[    1.009961] Key type big_key registered
[    1.013782] Allocating IMA MOK and blacklist keyrings.
[    1.028826] Key type asymmetric registered
[    1.032617] Asymmetric key parser 'x509' registered
[    1.032617] Block layer SCSI generic (bsg) driver version 0.4 loaded (major 249)
[    1.047406] io scheduler noop registered
[    1.051089] io scheduler deadline registered (default)
[    1.051089] io scheduler cfq registered
[    1.051089] pci_hotplug: PCI Hot Plug PCI Core version: 0.5
[    1.051089] pciehp: PCI Express Hot Plug Controller Driver version: 0.4
[    1.078423] ACPI: AC Adapter [AC] (on-line)
[    1.082336] input: Power Button as /devices/LNXSYSTM:00/LNXPWRBN:00/input/input0
[    1.082336] ACPI: Power Button [PWRF]
[    1.094814] input: Sleep Button as /devices/LNXSYSTM:00/LNXSLPBN:00/input/input1
[    1.098557] ACPI: Sleep Button [SLPF]
[    1.108676] GHES: HEST is not enabled!
[    1.110256] ACPI: Battery Slot [BAT0] (battery present)
[    1.118692] Serial: 8250/16550 driver, 32 ports, IRQ sharing enabled
[    1.122588] 00:02: ttyS0 at I/O 0x3f8 (irq = 4, base_baud = 115200) is a 16550A
[    1.179613] Linux agpgart interface v0.103
[    1.199991] loop: module loaded
[    1.206296] scsi host0: ata_piix
[    1.211299] scsi host1: ata_piix
[    1.214490] ata1: PATA max UDMA/33 cmd 0x1f0 ctl 0x3f6 bmdma 0xd000 irq 14
[    1.215255] ata2: PATA max UDMA/33 cmd 0x170 ctl 0x376 bmdma 0xd008 irq 15
[    1.215255] libphy: Fixed MDIO Bus: probed
[    1.227946] tun: Universal TUN/TAP device driver, 1.6
[    1.227946] tun: (C) 1999-2004 Max Krasnyansky <maxk@qualcomm.com>
[    1.246102] PPP generic driver version 2.4.2
[    1.251813] ehci_hcd: USB 2.0 'Enhanced' Host Controller (EHCI) Driver
[    1.255707] ehci-pci: EHCI PCI platform driver
[    1.255707] ehci-platform: EHCI generic platform driver
[    1.255707] ohci_hcd: USB 1.1 'Open' Host Controller (OHCI) Driver
[    1.255707] ohci-pci: OHCI PCI platform driver
[    1.255707] ohci-platform: OHCI generic platform driver
[    1.255707] uhci_hcd: USB Universal Host Controller Interface driver
[    1.255707] i8042: PNP: PS/2 Controller [PNP0303:PS2K,PNP0f03:PS2M] at 0x60,0x64 irq 1,12
[    1.301082] serio: i8042 KBD port at 0x60,0x64 irq 1
[    1.304565] serio: i8042 AUX port at 0x60,0x64 irq 12
[    1.311934] mousedev: PS/2 mouse device common for all mice
[    1.320272] rtc_cmos rtc_cmos: rtc core: registered rtc_cmos as rtc0
[    1.324284] rtc_cmos rtc_cmos: alarms up to one day, 114 bytes nvram
[    1.332554] i2c /dev entries driver
[    1.332554] device-mapper: uevent: version 1.0.3
[    1.343283] device-mapper: ioctl: 4.34.0-ioctl (2015-10-28) initialised: dm-devel@redhat.com
[    1.347229] ledtrig-cpu: registered to indicate activity on CPUs
[    1.363118] NET: Registered protocol family 10
[    1.371332] NET: Registered protocol family 17
[    1.374916] Key type dns_resolver registered
[    1.380603] input: AT Translated Set 2 keyboard as /devices/platform/i8042/serio0/input/input2
[    1.457280] registered taskstats version 1
[    1.461198] Loading compiled-in X.509 certificates
[    1.461198] Loaded X.509 cert 'Build time autogenerated kernel key: cf00e047681d67edb2720680708b7d9498083038'
[    1.461198] zswap: loaded using pool lzo/zbud
[    1.487897] Key type trusted registered
[    1.500125] Key type encrypted registered
[    1.504115] AppArmor: AppArmor sha1 policy hashing enabled
[    1.504115] ima: No TPM chip found, activating TPM-bypass!
[    1.504115] ima: Allocated hash algorithm: sha1
[    1.504115] evm: HMAC attrs: 0x1
[    1.524520]   Magic number: 11:807:700
[    1.529117] rtc_cmos rtc_cmos: setting system clock to 2023-02-21 20:40:51 UTC (1677012051)
[    1.539008] BIOS EDD facility v0.16 2004-Jun-25, 0 devices found
[    1.542572] EDD information not available.
[    1.553191] Freeing unused kernel memory: 1492K
[    1.572790] Write protecting the kernel read-only data: 14336k
[    1.579033] Freeing unused kernel memory: 1584K
[    1.584851] Freeing unused kernel memory: 52K
Loading, please wait...
starting version[    1.615834] random: systemd-udevd: uninitialized urandom read (16 bytes read, 4 bits of entropy available)
 229
[    1.623075] random: udevadm: uninitialized urandom read (16 bytes read, 4 bits of entropy available)
[    1.623089] random: udevadm: uninitialized urandom read (16 bytes read, 4 bits of entropy available)
[    1.634172] random: udevadm: uninitialized urandom read (16 bytes read, 4 bits of entropy available)
[    1.634204] random: udevadm: uninitialized urandom read (16 bytes read, 4 bits of entropy available)
[    1.634362] random: udevadm: uninitialized urandom read (16 bytes read, 4 bits of entropy available)
[    1.634395] random: udevadm: uninitialized urandom read (16 bytes read, 4 bits of entropy available)
[    1.634465] random: udevadm: uninitialized urandom read (16 bytes read, 4 bits of entropy available)
[    1.634498] random: udevadm: uninitialized urandom read (16 bytes read, 4 bits of entropy available)
[    1.634553] random: udevadm: uninitialized urandom read (16 bytes read, 4 bits of entropy available)
[    4.166139] e1000: Intel(R) PRO/1000 Network Driver - version 7.3.21-k8-NAPI
[    4.169665] e1000: Copyright (c) 1999-2006 Intel Corporation.
[    4.189881] Fusion MPT base driver 3.04.20
[    4.192177] Copyright (c) 1999-2008 LSI Corporation
[    5.211595] Fusion MPT SPI Host driver 3.04.20
[    5.579693] input: ImExPS/2 Generic Explorer Mouse as /devices/platform/i8042/serio1/input/input4
[    5.908048] e1000 0000:00:03.0 eth0: (PCI:33MHz:32-bit) 02:be:82:6b:cc:1d
[    5.912008] e1000 0000:00:03.0 eth0: Intel(R) PRO/1000 Network Connection
[    5.923644] mptbase: ioc0: Initiating bringup
[    6.057317] ioc0: LSI53C1030 A0: Capabilities={Initiator}
[    7.704254] scsi host2: ioc0: LSI53C1030 A0, FwRev=00000000h, Ports=1, MaxQ=256, IRQ=20
[    7.866368] scsi 2:0:0:0: Direct-Access     VBOX     HARDDISK         1.0  PQ: 0 ANSI: 5
[    7.870232] scsi target2:0:0: Beginning Domain Validation
[    7.886166] scsi target2:0:0: Domain Validation skipping write tests
[    7.889930] scsi target2:0:0: Ending Domain Validation
[    7.916880] scsi target2:0:0: asynchronous
[    7.950154] scsi 2:0:1:0: Direct-Access     VBOX     HARDDISK         1.0  PQ: 0 ANSI: 5
[    7.954103] scsi target2:0:1: Beginning Domain Validation
[    7.970216] scsi target2:0:1: Domain Validation skipping write tests
[    7.974176] scsi target2:0:1: Ending Domain Validation
[    7.981501] scsi target2:0:1: asynchronous
[    8.001545] sd 2:0:0:0: Attached scsi generic sg0 type 0
[    8.007345] sd 2:0:0:0: [sda] 83886080 512-byte logical blocks: (42.9 GB/40.0 GiB)
[    8.010962] sd 2:0:1:0: [sdb] 20480 512-byte logical blocks: (10.5 MB/10.0 MiB)
[    8.026224] sd 2:0:1:0: Attached scsi generic sg1 type 0
[    8.032283] sd 2:0:0:0: [sda] Write Protect is off
[    8.037363] sd 2:0:1:0: [sdb] Write Protect is off
[    8.041306] sd 2:0:0:0: [sda] Incomplete mode parameter data
[    8.041306] sd 2:0:0:0: [sda] Assuming drive cache: write through
[    8.052038] sd 2:0:1:0: [sdb] Incomplete mode parameter data
[    8.056031] sd 2:0:1:0: [sdb] Assuming drive cache: write through
[    8.070633]  sda: sda1
[    8.079370] sd 2:0:0:0: [sda] Attached SCSI disk
[    8.085696] sd 2:0:1:0: [sdb] Attached SCSI disk
[    8.581196] e1000 0000:00:08.0 eth1: (PCI:33MHz:32-bit) 08:00:27:fa:62:e0
[    8.584257] e1000 0000:00:08.0 eth1: Intel(R) PRO/1000 Network Connection
[    8.596594] e1000 0000:00:08.0 enp0s8: renamed from eth1
[    8.608872] e1000 0000:00:03.0 enp0s3: renamed from eth0
Begin: Loading essential drivers ... [   10.270370] md: linear personality registered for level -1
[   10.279544] md: multipath personality registered for level -4
[   10.288364] md: raid0 personality registered for level 0
[   10.309083] md: raid1 personality registered for level 1
[   10.388352] raid6: sse2x1   gen() 10525 MB/s
[   10.388528] raid6: sse2x1   xor()  7297 MB/s
[   10.388528] raid6: sse2x2   gen() 13409 MB/s
[   10.388528] raid6: sse2x2   xor()  9506 MB/s
[   10.388528] raid6: sse2x4   gen() 13325 MB/s
[   10.388528] raid6: sse2x4   xor()  7327 MB/s
[   10.388528] raid6: using algorithm sse2x2 gen() 13409 MB/s
[   10.388528] raid6: .... xor() 9506 MB/s, rmw enabled
[   10.388528] raid6: using ssse3x2 recovery algorithm
[   10.771374] xor: measuring software checksum speed
[   15.216641]    prefetch64-sse: 246964.704 MB/sec
[   15.322784]    generic_sse: 37348.000 MB/sec
[   15.326731] xor: using function: prefetch64-sse (246964.704 MB/sec)
[   15.337167] async_tx: api initialized (async)
[   15.394507] md: raid6 personality registered for level 6
[   15.398412] md: raid5 personality registered for level 5
[   15.400460] md: raid4 personality registered for level 4
[   15.434116] md: raid10 personality registered for level 10
done.
Begin: Running /scripts/init-premount ... done.
Begin: Mounting root file system ... Begin: Running /scripts/local-top ... done.
Begin: Running /scripts/local-premount ... [   15.540960] Btrfs loaded
Scanning for Btrfs filesystems
done.
Warning: fsck not present, so skipping root file system
[   15.603196] EXT4-fs (sda1): mounted filesystem with ordered data mode. Opts: (null)
done.
Begin: Running /scripts/local-bottom ... done.
Begin: Running /scripts/init-bottom ... done.
[   15.810942] systemd[1]: systemd 229 running in system mode. (+PAM +AUDIT +SELINUX +IMA +APPARMOR +SMACK +SYSVINIT +UTMP +LIBCRYPTSETUP +GCRYPT +GNUTLS +ACL +XZ -LZ4 +SECCOMP +BLKID +ELFUTILS +KMOD -IDN)
[   15.812248] systemd[1]: Detected virtualization oracle.
[   15.812248] systemd[1]: Detected architecture x86-64.

Welcome to [1mUbuntu 16.04.7 LTS[0m!

[   15.847872] systemd[1]: Set hostname to <ubuntu>.
[   15.860104] systemd[1]: Initializing machine ID from random generator.
[   15.863922] systemd[1]: Installed transient /etc/machine-id file.
[   16.094762] systemd[1]: Reached target Swap.
[[0;32m  OK  [0m] Reached target Swap.
[   16.102829] systemd[1]: Created slice User and Session Slice.
[[0;32m  OK  [0m] Created slice User and Session Slice.
[   16.113161] systemd[1]: Listening on LVM2 poll daemon socket.
[[0;32m  OK  [0m] Listening on LVM2 poll daemon socket.
[   16.123048] systemd[1]: Listening on udev Kernel Socket.
[[0;32m  OK  [0m] Listening on udev Kernel Socket.
[   16.131914] systemd[1]: Created slice System Slice.
[[0;32m  OK  [0m] Created slice System Slice.
[   16.139794] systemd[1]: Reached target Slices.
[[0;32m  OK  [0m] Reached target Slices.
[   16.148234] systemd[1]: Reached target System Time Synchronized.
[[0;32m  OK  [0m] Reached target System Time Synchronized.
[   16.157980] systemd[1]: Listening on Syslog Socket.
[[0;32m  OK  [0m] Listening on Syslog Socket.
[   16.172742] systemd[1]: Reached target User and Group Name Lookups.
[[0;32m  OK  [0m] Reached target User and Group Name Lookups.
[   16.183021] systemd[1]: Listening on Journal Socket (/dev/log).
[[0;32m  OK  [0m] Listening on Journal Socket (/dev/log).
[   16.193454] systemd[1]: Started Trigger resolvconf update for networkd DNS.
[[0;32m  OK  [0m] Started Trigger resolvconf update for networkd DNS.
[   16.202950] systemd[1]: Listening on LVM2 metadata daemon socket.
[[0;32m  OK  [0m] Listening on LVM2 metadata daemon socket.
[   16.211729] systemd[1]: Listening on fsck to fsckd communication Socket.
[[0;32m  OK  [0m] Listening on fsck to fsckd communication Socket.
[   16.220932] systemd[1]: Started Forward Password Requests to Wall Directory Watch.
[[0;32m  OK  [0m] Started Forward Password Requests to Wall Directory Watch.
[   16.231105] systemd[1]: Listening on Device-mapper event daemon FIFOs.
[[0;32m  OK  [0m] Listening on Device-mapper event daemon FIFOs.
[   16.241228] systemd[1]: Created slice system-serial\x2dgetty.slice.
[[0;32m  OK  [0m] Created slice system-serial\x2dgetty.slice.
[   16.249692] systemd[1]: Listening on Journal Socket.
[[0;32m  OK  [0m] Listening on Journal Socket.
[   16.268816] systemd[1]: Starting File System Check on Root Device...
         Starting File System Check on Root Device...
[   16.281318] systemd[1]: Starting Nameserver information manager...
         Starting Nameserver information manager...
[   16.289826] systemd[1]: Mounting Debug File System...
         Mounting Debug File System...
[   16.298521] systemd[1]: Starting Create list of required static device nodes for the current kernel...
         Starting Create list of required st... nodes for the current kernel...
[   16.312549] systemd[1]: Mounting POSIX Message Queue File System...
         Mounting POSIX Message Queue File System...
[   16.323602] systemd[1]: Starting Uncomplicated firewall...
         Starting Uncomplicated firewall...
[   16.333637] systemd[1]: Starting Set console keymap...
         Starting Set console keymap...
[   16.342758] systemd[1]: Mounting Huge Pages File System...
         Mounting Huge Pages File System...
[   16.378432] systemd[1]: Set up automount Arbitrary Executable File Formats File System Automount Point.
[[0;32m  OK  [0m] Set up automount Arbitrary Executab...ats File System Automount Point.
[   16.404345] systemd[1]: Starting Load Kernel Modules...
         Starting Load Kernel Modules...
[   16.415278] systemd[1]: Starting Monitoring of LVM2 mirrors, snapshots etc. using dmeventd or progress polling...
         Starting Monitoring of LVM2 mirrors... dmeventd or progress polling...
[   16.429317] systemd[1]: Listening on Journal Audit Socket.
[[0;32m  OK  [0m] Listening on Journal Audit Socket.
[   16.438446] Loading iSCSI transport class v2.0-870.
[   16.439366] systemd[1]: Starting Journal Service...
         Starting Journal Service...
[   16.452827] systemd[1]: Reached target Encrypted Volumes.
[[0;32m  OK  [0m] Reached target Encrypted Volumes.
[   16.463457] systemd[1]: Listening on /dev/initctl Compatibility Named Pipe.
[[0;32m  OK  [0m] Listening on /dev/initctl Compatibility Named Pipe.
[   16.473521] systemd[1]: Listening on udev Control Socket.
[[0;32m  OK  [0m] Listening on udev Control Socket.
[   16.483206] iscsi: registered transport (tcp)
[   16.493146] systemd[1]: Mounted Huge Pages File System.
[[0;32m  OK  [0m] Mounted Huge Pages File System.
[   16.501433] systemd[1]: Mounted POSIX Message Queue File System.
[[0;32m  OK  [0m] Mounted POSIX Message Queue File System.
[   16.518966] systemd[1]: Mounted Debug File System.
[[0;32m  OK  [0m] Mounted Debug File System.
[   16.527916] systemd[1]: Started Journal Service.
[[0;32m  OK  [0m] Started Journal Service.
[[0;32m  OK  [0m] Started File System Check on Root Device.
[[0;32m  OK  [0m] Started Create list of required sta...ce nodes for the current kernel.
[[0;32m  OK  [0m] Started Uncomplicated firewall.
[[0;32m  OK  [0m] Started Set console keymap.
[[0;32m  OK  [0m] Started Nameserver information manager.
[[0;32m  OK  [0m] Started File System Check Daemon to report status.
[[0;32m  OK  [0m] Started LVM2 metadata daemon.
         Starting Create Static Device Nodes in /dev...
[   16.618774] iscsi: registered transport (iser)
         Starting Remount Root and Kernel File Systems...
[   16.633175] EXT4-fs (sda1): re-mounted. Opts: (null)
[[0;32m  OK  [0m] Started Remount Root and Kernel File Systems.
[[0;32m  OK  [0m] Started Load Kernel Modules.
         Starting Apply Kernel Variables...
         Mounting FUSE Control File System...
         Starting Flush Journal to Persistent Storage...
         Starting Load/Save Random Seed...
         Starting udev Coldplug all Devices...
[[0;32m  OK  [0m] Mounted FUSE Control File System.
[[0;32m  OK  [0m] Started Create Static Device Nodes in /dev.
[[0;32m  OK  [0m] Started Apply Kernel Variables.
[[0;32m  OK  [0m] Started Load/Save Random Seed.
         Starting udev Kernel Device Manager...
[[0;32m  OK  [0m] Started udev Coldplug all Devices.
[[0;32m  OK  [0m] Started Flush Journal to Persistent Storage.
[[0;32m  OK  [0m] Started Monitoring of LVM2 mirrors,...ng dmeventd or progress polling.
[[0;32m  OK  [0m] Reached target Local File Systems (Pre).
[[0;32m  OK  [0m] Reached target Local File Systems.
         Starting Initial cloud-init job (pre-networking)...
         Starting LSB: AppArmor initialization...
         Starting Create Volatile Files and Directories...
         Starting Commit a transient machine-id on disk...
         Starting Tell Plymouth To Write Out Runtime Data...
         Starting Set console font and keymap...
[[0;32m  OK  [0m] Started udev Kernel Device Manager.
[[0;32m  OK  [0m] Started Create Volatile Files and Directories.
[[0;32m  OK  [0m] Found device /dev/ttyS0.
[[0;32m  OK  [0m] Started Commit a transient machine-id on disk.
[[0;32m  OK  [0m] Started Tell Plymouth To Write Out Runtime Data.
[[0;32m  OK  [0m] Listening on Load/Save RF Kill Switch Status /dev/rfkill Watch.
         Starting Update UTMP about System Boot/Shutdown...
[[0;32m  OK  [0m] Started Dispatch Password Requests to Console Directory Watch.
[[0;32m  OK  [0m] Started LSB: AppArmor initialization.
         Starting Load AppArmor profiles managed internally by snapd...
[[0;32m  OK  [0m] Started Update UTMP about System Boot/Shutdown.
[[0;32m  OK  [0m] Started Load AppArmor profiles managed internally by snapd.
[[0;32m  OK  [0m] Started Initial cloud-init job (pre-networking).
[   19.393057] cloud-init[476]: Cloud-init v. 21.1-19-gbad84ad4-0ubuntu1~16.04.2 running 'init-local' at Tue, 21 Feb 2023 20:41:08 +0000. Up 18.92 seconds.
[[0;32m  OK  [0m] Reached target Network (Pre).
         Starting Raise network interfaces...
[[0;32m  OK  [0m] Started Set console font and keymap.
[[0;32m  OK  [0m] Created slice system-getty.slice.
[[0;32m  OK  [0m] Started Raise network interfaces.
[[0;32m  OK  [0m] Reached target Network.
         Starting Initial cloud-init job (metadata service crawler)...
[   21.168093] cloud-init[938]: Cloud-init v. 21.1-19-gbad84ad4-0ubuntu1~16.04.2 running 'init' at Tue, 21 Feb 2023 20:41:10 +0000. Up 20.64 seconds.
[   21.175202] cloud-init[938]: ci-info: ++++++++++++++++++++++++++++++++++++++Net device info+++++++++++++++++++++++++++++++++++++++
[   21.182295] cloud-init[938]: ci-info: +--------+-------+----------------------------+---------------+--------+-------------------+
[   21.188693] cloud-init[938]: ci-info: | Device |   Up  |          Address           |      Mask     | Scope  |     Hw-Address    |
[   21.194925] cloud-init[938]: ci-info: +--------+-------+----------------------------+---------------+--------+-------------------+
[   21.200562] cloud-init[938]: ci-info: | enp0s3 |  True |         10.0.2.15          | 255.255.255.0 | global | 02:be:82:6b:cc:1d |
[[0;32m  OK  [0m] Started Initial cloud-init job (metadata service crawler).
[[0;32m  OK  [0m] Reached target Cloud-config availability.
[[0;32m  OK  [0m] Reached target System Initialization.
[[0;32m  OK  [0m] Started Daily apt download activities.
[[0;32m  OK  [0m] Started Message of the Day.
[   21.206389] cloud-init[938]: ci-info: | enp0s3 |  True | fe80::be:82ff:fe6b:cc1d/64 |       .       |  link  | 02:be:82:6b:cc:1d |
[   21.221352] cloud-init[938]: ci-info: | enp0s8 | False |             .              |       .       |   .    | 08:00:27:fa:62:e0 |
[   21.226683] cloud-init[938]: ci-info: |   lo   |  True |         127.0.0.1          |   255.0.0.0   |  host  |         .         |
         Starting LXD - unix socket.
[   21.235559] cloud-init[938]: ci-info: |   lo   |  True |          ::1/128           |       .       |  host  |         .         |
[   21.245635] cloud-init[938]: ci-info: +--------+-------+----------------------------+---------------+--------+-------------------+
[   21.253034] [cloud-init[0;32m  OK  [0m[938]: ] ci-info: +++++++++++++++++++++++++++Route IPv4 info++++++++++++++++++++++++++++Listening on D-Bus System Message Bus Socket.

[[0;32m  OK  [0m] Listening on UUID daemon activation socket.
[[0;32m  OK  [0m] Started Daily apt upgrade and clean activities.
[   21.253985] cloud-init[938]: ci-info: +-------+-------------+----------+---------------+-----------+-------+
[   21.268794] [cloud-init[0;32m  OK  [0m[938]: ] ci-info: | Route | Destination | Gateway  |    Genmask    | Interface | Flags |Started ACPI Events Check.

[   21.269791] [cloud-init[0;32m  OK  [0m[938]: ] ci-info: +-------+-------------+----------+---------------+-----------+-------+Reached target Paths.

[   21.280620] [cloud-init[0;32m  OK  [0m[938]: ] ci-info: |   0   |   0.0.0.0   | 10.0.2.2 |    0.0.0.0    |   enp0s3  |   UG  |Listening on ACPID Listen Socket.

[   21.281641]          cloud-initStarting Socket activation for snappy daemon.[938]: 
ci-info: |   1   |   10.0.2.0  | 0.0.0.0  | 255.255.255.0 |   enp0s3  |   U   |
[   21.293051] [cloud-init[0;32m  OK  [0m[938]: ] ci-info: +-------+-------------+----------+---------------+-----------+-------+Started Daily Cleanup of Temporary Directories.

[[0;32m  OK  [0m] Started Ubuntu Advantage update messaging.
[[0;32m  OK  [0m] Reached target Timers.
[[0;32m  OK  [0m] Reached target Network is Online.
[   21.294109] cloud-init[938]: ci-info: +++++++++++++++++++Route IPv6 info+++++++++++++++++++
[   21.308114] cloud-init[938]: ci-info: +-------+-------------+---------+-----------+-------+
[   21.312953] cloud-init[938]: ci-info: | Route | Destination | Gateway | Interface | Flags |
[   21.318069]          cloud-initStarting iSCSI initiator daemon (iscsid)...[938]: 
ci-info: +-------+-------------+---------+-----------+-------+
[[0;32m  OK  [0m] Listening on LXD - unix socket.
[   21.325650] [cloud-init[0;32m  OK  [0m[938]: ] ci-info: |   0   |  fe80::/64  |    ::   |   enp0s3  |   U   |Listening on Socket activation for snappy daemon.

[   21.331184] [cloud-init[0;32m  OK  [0m[938]: ] ci-info: |   3   |   ff00::/8  |    ::   |   enp0s3  |   U   |Reached target Sockets.

[   21.341554] [cloud-init[0;32m  OK  [0m[938]: ] ci-info: +-------+-------------+---------+-----------+-------+Reached target Basic System.

[[0;32m  OK  [0m] Started Regular background program processing daemon.
         Starting System Logging Service...
         Starting /etc/rc.local Compatibility...
         Starting LSB: Record successful boot for GRUB...
[[0;32m  OK  [0m] Started D-Bus System Message Bus.
[   21.342739] cloud-init[938]: Generating public/private rsa key pair.
[   21.362332] cloud-init[938]: Your identification has been saved in /etc/ssh/ssh_host_rsa_key.
[   21.374535] cloud-init[938]: Your public key has been saved in /etc/ssh/ssh_host_rsa_key.pub.
[   21.382170] cloud-init[938]: The key fingerprint is:
[   21.388487] cloud-init[938]: SHA256:ELRMtehw46uYqpzaYNEdNXoWs8H6PIiBL7HnFKswq9M root@ubuntu-xenial
[   21.395025] cloud-init[938]: The key's randomart image is:
[   21.399818] cloud-init[938]: +---[RSA 2048]----+
[   21.404153] cloud-init[938]: |     .=B.        |
[   21.408347] cloud-init[938]: |     oo=*.       |
[   21.412206] cloud-init[938]: |  . .oO+.        |
[   21.416305] cloud-init[938]: | o.o.*+o         |
[   21.420342] cloud-init[938]: | .+.=.* S        |
[   21.424882] cloud-init[938]: |oo.* . =         |
[   21.429495] cloud-init[938]: |o=*   . .        |
[   21.433101] cloud-init[938]: |=+E+ .           |
[   21.436477] cloud-init[938]: |O=+ .            |
[   21.440010] cloud-init[938]: +----[SHA256]-----+
[   21.443691] [cloud-init[0;32m  OK  [0m[938]: ] Generating public/private dsa key pair.Started ACPI event daemon.

[   21.445297] cloud-init[938]: Your identification has been saved in /etc/ssh/ssh_host_dsa_key.
         Starting LSB: MD monitoring daemon...
[   21.460017]          cloud-initStarting Virtualbox guest utils...[938]: 
Your public key has been saved in /etc/ssh/ssh_host_dsa_key.pub.
         Starting Accounts Service...
         Starting Pollinate to seed the pseudo random number generator...
         Starting Login Service...
[[0;32m  OK  [0m] Started Deferred execution scheduler.
[[0;32m  OK  [0m] Started FUSE filesystem for LXC.
         Starting LXD - container startup/shutdown...
         Starting Snap Daemon...
[[0;32m  OK  [0m] Started System Logging Service.
[[0;32m  OK  [0m] Started /etc/rc.local Compatibility.
[   21.472145] cloud-init[938]: The key fingerprint is:
[[0;32m  OK  [0m] Started iSCSI initiator daemon (iscsid).
[   21.523461] cloud-init[938]: SHA256:MSJLwvYwYmQgqJ+6vrP6ztLf+sudkP0s9/OVsPw+m6Y root@ubuntu-xenial
         Starting Login to default iSCSI targets...
[   21.557450] cloud-init[938]: The key's randomart image is:
[[0;32m  OK  [0m] Started Login Service.
[[0;32m  OK  [0m] Started Unattended Upgrades Shutdown.
[[0;32m  OK  [0m] Started LSB: Record successful boot for GRUB.
[   21.600811] cloud-init[938]: +---[DSA 1024]----+
[   21.623906] cloud-init[938]: |=o               |
[   21.640882] cloud-init[938]: |=.               |
[   21.655077] cloud-init[938]: |o.* o . o        |
[[0;32m  OK  [0m] Started Login to default iSCSI targets.
[[0;32m  OK  [0m] Reached target Remote File Systems (Pre).
[[0;32m  OK  [0m] Reached target Remote File Systems.
         Starting LSB: daemon to balance interrupts for SMP systems...
         Starting LSB: Set the CPU Frequency Scaling governor to "ondemand"...
         Starting LSB: automatic crash report generation...
         Starting Permit User Sessions...
[[0;32m  OK  [0m] Started LSB: MD monitoring daemon.
[[0;32m  OK  [0m] Started Permit User Sessions.
[   21.678668] cloud-init[938]: |oo * o . o       |
[   21.740107] cloud-init[938]: | . .o   S    .   |
         Starting Hold until boot process finishes up...
         Starting Terminate Plymouth Boot Screen...
[   21.752245] cloud-init[938]: |  o    o    . o .|
[   21.771266] cloud-init[938]: | o    o .    o ..|
[   21.771358] cloud-init[938]: |oo.  o o.+. . .+.|
[   21.771428] cloud-init[938]: |=OB.oo=.ooo..E==o|
[   21.771492] cloud-init[938]: +----[SHA256]-----+
[   21.771556] cloud-init[938]: Generating public/private ecdsa key pair.
[   21.771621] cloud-init[938]: Your identification has been saved in /etc/ssh/ssh_host_ecdsa_key.
[   21.771687] cloud-init[938]: Your public key has been saved in /etc/ssh/ssh_host_ecdsa_key.pub.
[   21.771834] cloud-init[938]: The key fingerprint is:
[   21.771919] cloud-init[938]: SHA256:4aRg67FXcYt042OmevxB3XLiD2fskythBkjHjGKs7QU root@ubuntu-xenial
[   21.771986] cloud-init[938]: The key's randomart image is:
[   21.772050] cloud-init[938]: +---[ECDSA 256]---+
[   21.772114] cloud-init[938]: |     .   +       |
[   21.772181] cloud-init[938]: |      E o +      |
[   21.772243] cloud-init[938]: |    o+ +=o+      |
[   21.772307] cloud-init[938]: |   ..o.=oB.+ .   |
[   21.772370] cloud-init[938]: |    o...S B.+ o  |
[   21.772432] cloud-init[938]: |   . o.. = o+=   |
[   21.772494] cloud-init[938]: |    o ... .oo.+. |
[   21.772559] cloud-init[938]: |     . .o  ..*o  |
[   21.772623] cloud-init[938]: |      .. ..  .+o |
[   21.772691] cloud-init[938]: +----[SHA256]-----+
[   21.772755] cloud-init[938]: Generating public/private ed25519 key pair.
[   21.772819] cloud-init[938]: Your identification has been saved in /etc/ssh/ssh_host_ed25519_key.
[   21.772881] cloud-init[938]: Your public key has been saved in /etc/ssh/ssh_host_ed25519_key.pub.
[   21.772945] cloud-init[938]: The key fingerprint is:
[   21.773008] cloud-init[938]: SHA256:W6iYwf6P+O9QWo3FZ7EJCtJHOvbtGyb7RP5JiRDrH/E root@ubuntu-xenial
[   21.773069] cloud-init[938]: The key's randomart image is:
[   21.773127] cloud-init[938]: +--[ED25519 256]--+
[   21.773188] cloud-init[938]: |    ..... . .    |
[   21.773250] cloud-init[938]: |     ..o.o . +   |
[   21.773589] cloud-init[938]: |      +.o o =    |
[   21.773664] cloud-init[938]: |   . . o O o     |
[   21.773740] cloud-init[938]: |    o   S *      |
[   21.773801] cloud-init[938]: |   . + * B + .   |
[   21.773860] cloud-init[938]: |    + + + O E    |
[   21.773922] cloud-init[938]: |     o o * * .   |
[   21.773982] cloud-init[938]: |    ..++=.+ o    |
[   21.774041] cloud-init[938]: +----[SHA256]-----+
[[0;32m  OK  [0m] Started LSB: daemon to balance interrupts for SMP systems.
[[0;32m  OK  [0m] Started LSB: Set the CPU Frequency Scaling governor to "ondemand".
[[0;32m  OK  [0m] Started Hold until boot process finishes up.
[[0;32m  OK  [0m] Started Terminate Plymouth Boot Screen.
         Starting Authenticate and Authorize Users to Run Privileged Tasks...
[[0;32m  OK  [0m] Started Serial Getty on ttyS0.
[[0;32m  OK  [0m] Started Getty on tty1.
[[0;32m  OK  [0m] Reached target Login Prompts.
         Starting Set console scheme...
[[0;32m  OK  [0m] Started Virtualbox guest utils.
[[0;32m  OK  [0m] Started LSB: automatic crash report generation.
[[0;32m  OK  [0m] Started Set console scheme.
[[0;32m  OK  [0m] Started Authenticate and Authorize Users to Run Privileged Tasks.
[[0;32m  OK  [0m] Started Accounts Service.
[[0;32m  OK  [0m] Started LXD - container startup/shutdown.
[[0;32m  OK  [0m] Started Snap Daemon.
         Starting Wait until snapd is fully seeded...
[[0;32m  OK  [0m] Started Pollinate to seed the pseudo random number generator.
         Starting OpenBSD Secure Shell server...
[[0;32m  OK  [0m] Started OpenBSD Secure Shell server.
[[0;32m  OK  [0m] Created slice User Slice of vagrant.
         Starting User Manager for UID 1000...
[[0;32m  OK  [0m] Started Session 1 of user vagrant.
[[0;32m  OK  [0m] Started User Manager for UID 1000.
[[0;32m  OK  [0m] Started Wait until snapd is fully seeded.
         Starting Apply the settings specified in cloud-config...
[[0;32m  OK  [0m] Reached target Multi-User System.
[[0;32m  OK  [0m] Reached target Graphical Interface.
         Starting Update UTMP about System Runlevel Changes...
[[0;32m  OK  [0m] Started Update UTMP about System Runlevel Changes.
[   27.332804] cloud-init[1365]: Generating locales (this might take a while)...

Ubuntu 16.04.7 LTS ubuntu-xenial ttyS0

ubuntu-xenial login: [   28.464530] cloud-init[1365]:   en_US.UTF-8... done
[   28.464874] cloud-init[1365]: Generation complete.
[   28.943226] cloud-init[1365]: Cloud-init v. 21.1-19-gbad84ad4-0ubuntu1~16.04.2 running 'modules:config' at Tue, 21 Feb 2023 20:41:17 +0000. Up 27.03 seconds.
ci-info: no authorized SSH keys fingerprints found for user ubuntu.
<14>Feb 21 20:41:19 ec2: 
<14>Feb 21 20:41:19 ec2: #############################################################
<14>Feb 21 20:41:19 ec2: -----BEGIN SSH HOST KEY FINGERPRINTS-----
<14>Feb 21 20:41:19 ec2: 1024 SHA256:MSJLwvYwYmQgqJ+6vrP6ztLf+sudkP0s9/OVsPw+m6Y root@ubuntu-xenial (DSA)
<14>Feb 21 20:41:19 ec2: 256 SHA256:4aRg67FXcYt042OmevxB3XLiD2fskythBkjHjGKs7QU root@ubuntu-xenial (ECDSA)
<14>Feb 21 20:41:19 ec2: 256 SHA256:W6iYwf6P+O9QWo3FZ7EJCtJHOvbtGyb7RP5JiRDrH/E root@ubuntu-xenial (ED25519)
<14>Feb 21 20:41:19 ec2: 2048 SHA256:ELRMtehw46uYqpzaYNEdNXoWs8H6PIiBL7HnFKswq9M root@ubuntu-xenial (RSA)
<14>Feb 21 20:41:19 ec2: -----END SSH HOST KEY FINGERPRINTS-----
<14>Feb 21 20:41:19 ec2: #############################################################
-----BEGIN SSH HOST KEY KEYS-----
ecdsa-sha2-nistp256 AAAAE2VjZHNhLXNoYTItbmlzdHAyNTYAAAAIbmlzdHAyNTYAAABBBFFtqQiqtYG0+uFDjyJTkBIr/gQB9oAQMgd4n1uSp0OCuW4G60Bv0n+iDcyah0i+eAgBauPDoNXEMKHyaqX0o+0= root@ubuntu-xenial
ssh-ed25519 AAAAC3NzaC1lZDI1NTE5AAAAIE6piK+i37p79SUK7MahlbODRNEbuFRJLw+oHTsYSr2V root@ubuntu-xenial
ssh-rsa AAAAB3NzaC1yc2EAAAADAQABAAABAQC3aih9p7pLekSFX5EMEWxsDOL+Aj2t037a/J5B+67LADCUOreLxqK9042WhheOWy0WieGspY7MvsUBWU802FUKQquOy7+T5uITy6IvQrPI0DOrdXk4B9UGp3PVGEOGiCkqZsIalVQvMsQ2S6u+NVs9t2t05HIBTVXmIjsnPQNqebFeCUPVknGPG42ViFBUjZJh6VaXfEK7sN14S54yjd7egQtq5BphG05rmw6Gf/fwR4jgLhj/XSAqL0FkAZCoiAiegvpXOuFpvU5SfdZFGFKyCqx6oyM1wJMSBQHWVIcCXBrjdybGfYgqdNzZtIN4DaLRka21p15ePASfi3lEQDzl root@ubuntu-xenial
-----END SSH HOST KEY KEYS-----
[   29.451356] cloud-init[1491]: Cloud-init v. 21.1-19-gbad84ad4-0ubuntu1~16.04.2 running 'modules:final' at Tue, 21 Feb 2023 20:41:19 +0000. Up 29.24 seconds.
[   29.451590] cloud-init[1491]: ci-info: no authorized SSH keys fingerprints found for user ubuntu.
[   29.451698] cloud-init[1491]: Cloud-init v. 21.1-19-gbad84ad4-0ubuntu1~16.04.2 finished at Tue, 21 Feb 2023 20:41:19 +0000. Datasource DataSourceNoCloud [seed=/dev/sdb][dsmode=net].  Up 29.43 seconds
